<?xml version="1.0" encoding="UTF-8"?>
<!-- Generated by org.testng.reporters.JUnitReportReporter -->
<testsuite hostname="DESKTOP-Q48Q5JC" failures="0" tests="1" name="testcases.SearchRoundtripTest" time="75.376" errors="0" timestamp="2023-02-26T16:38:36 IST" skipped="0">
  <testcase classname="testcases.SearchRoundtripTest" name="FlightSearch" time="75.376"/>
  <system-out/>
</testsuite> <!-- testcases.SearchRoundtripTest -->
