<?xml version="1.0" encoding="UTF-8"?>
<!-- Generated by org.testng.reporters.JUnitReportReporter -->
<testsuite hostname="DESKTOP-Q48Q5JC" failures="0" tests="2" name="testcases.LoginTest" time="119.555" errors="0" timestamp="2023-02-26T16:24:59 IST" skipped="0">
  <testcase classname="testcases.LoginTest" name="LoginwithValidCredentails" time="60.118"/>
  <system-out/>
  <testcase classname="testcases.LoginTest" name="LoginwithInvalidCredentials" time="59.437"/>
  <system-out/>
</testsuite> <!-- testcases.LoginTest -->
