<?xml version="1.0" encoding="UTF-8"?>
<!-- Generated by org.testng.reporters.JUnitReportReporter -->
<testsuite hostname="DESKTOP-Q48Q5JC" failures="0" tests="1" name="testcases.FlightBookingTest" time="92.938" errors="0" timestamp="2023-02-26T16:02:30 IST" skipped="0">
  <testcase classname="testcases.FlightBookingTest" name="BookFlight" time="92.938"/>
  <system-out/>
</testsuite> <!-- testcases.FlightBookingTest -->
