<?xml version="1.0" encoding="UTF-8"?>
<!-- Generated by org.testng.reporters.JUnitReportReporter -->
<testsuite hostname="DESKTOP-Q48Q5JC" failures="0" tests="1" name="testcases.SearchOneWayTest" time="67.636" errors="0" timestamp="2023-02-26T16:32:36 IST" skipped="0">
  <testcase classname="testcases.SearchOneWayTest" name="FlightSearch" time="67.636"/>
  <system-out/>
</testsuite> <!-- testcases.SearchOneWayTest -->
